A51 MACRO ASSEMBLER  LAB4Q2                                                               02/14/2021 20:51:02 PAGE     1


MACRO ASSEMBLER A51 V8.2.7.0
OBJECT MODULE PLACED IN .\Objects\LAB4Q2.obj
ASSEMBLER INVOKED BY: C:\Keil_v5\C51\BIN\A51.EXE LAB4Q2.asm SET(SMALL) DEBUG PRINT(.\Listings\LAB4Q2.lst) OBJECT(.\Objec
                      ts\LAB4Q2.obj) EP

LOC  OBJ            LINE     SOURCE

0000                   1     ORG 0H
0000 020100            2     LJMP MAIN
0100                   3     ORG 100H
0100                   4     MAIN:
0100                   5     blinkingLEDs:
                       6     
0100 75900F            7     MOV P1, #0FH
0103 E590              8     MOV A, P1
0105 24F0              9     ADD A, #0F0H 
0107 F590             10     MOV P1, A
                      11     
0109 7F05             12     MOV R7, #5H
010B                  13     INITdelay:
010B 3125             14     ACALL LOOP1S
010D DFFC             15     DJNZ R7, INITdelay
                      16     
010F E590             17     MOV A,P1
0111 540F             18     ANL A,#0FH
0113 FC               19     MOV R4, A
                      20     
0114                  21     LOOPblink:
0114 60EA             22     JZ blinkingLEDs
0116 75900F           23     MOV P1, #0FH
0119 3125             24     ACALL LOOP1S
011B 7590FF           25     MOV P1, #0FFH
011E 3125             26     ACALL LOOP1S
0120 DCF2             27     DJNZ R4, LOOPblink
                      28     
0122 020100           29     LJMP blinkingLEDs
                      30     
0125                  31     LOOP1S:
0125 7E28             32     MOV R6,#28H
0127 312E             33     LOOP: ACALL DELAY
0129 DEFC             34           DJNZ R6,LOOP
012B 020141           35           LJMP final
012E 758901           36     DELAY: MOV TMOD,#001B 
0131 758C3C           37            MOV TH0,#03CH
0134 758AB0           38            MOV TL0,#0B0H 
0137 D28C             39            SETB TR0 
0139 308DFD           40     HERE: JNB TF0,HERE 
013C C28C             41           CLR TR0 
013E C28D             42           CLR TF0 
0140 22               43           RET  
0141 22               44           final: RET
                      45               
                      46     end
A51 MACRO ASSEMBLER  LAB4Q2                                                               02/14/2021 20:51:02 PAGE     2

SYMBOL TABLE LISTING
------ ----- -------


N A M E             T Y P E  V A L U E   ATTRIBUTES

BLINKINGLEDS . . .  C ADDR   0100H   A   
DELAY. . . . . . .  C ADDR   012EH   A   
FINAL. . . . . . .  C ADDR   0141H   A   
HERE . . . . . . .  C ADDR   0139H   A   
INITDELAY. . . . .  C ADDR   010BH   A   
LOOP . . . . . . .  C ADDR   0127H   A   
LOOP1S . . . . . .  C ADDR   0125H   A   
LOOPBLINK. . . . .  C ADDR   0114H   A   
MAIN . . . . . . .  C ADDR   0100H   A   
P1 . . . . . . . .  D ADDR   0090H   A   
TF0. . . . . . . .  B ADDR   0088H.5 A   
TH0. . . . . . . .  D ADDR   008CH   A   
TL0. . . . . . . .  D ADDR   008AH   A   
TMOD . . . . . . .  D ADDR   0089H   A   
TR0. . . . . . . .  B ADDR   0088H.4 A   


REGISTER BANK(S) USED: 0 


ASSEMBLY COMPLETE.  0 WARNING(S), 0 ERROR(S)
